<?xml version="1.0" encoding="UTF-8"?>
<testsuite name="test.java.com.request.RequestDemoApplicationTests" time="0.003" tests="1" errors="1" skipped="0" failures="0">
  <properties>
[...]
</properties>
  <testcase name="initializationError" classname="test.java.com.request.RequestDemoApplicationTests" time="0.003">
    <error message="Unable to find a @SpringBootConfiguration, you need to use @ContextConfiguration or @SpringBootTest(classes=...) with your test" type="java.lang.IllegalStateException"><![CDATA[java.lang.IllegalStateException: Unable to find a @SpringBootConfiguration, you need to use @ContextConfiguration or @SpringBootTest(classes=...) with your test
	at org.springframework.util.Assert.state(Assert.java:392)
	at org.springframework.boot.test.context.SpringBootTestContextBootstrapper.getOrFindConfigurationClasses(SpringBootTestContextBootstrapper.java:156)
	at org.springframework.boot.test.context.SpringBootTestContextBootstrapper.processMergedContextConfiguration(SpringBootTestContextBootstrapper.java:116)
	at org.springframework.test.context.support.AbstractTestContextBootstrapper.buildMergedContextConfiguration(AbstractTestContextBootstrapper.java:409)
	at org.springframework.test.context.support.AbstractTestContextBootstrapper.buildDefaultMergedContextConfiguration(AbstractTestContextBootstrapper.java:323)
	at org.springframework.test.context.support.AbstractTestContextBootstrapper.buildMergedContextConfiguration(AbstractTestContextBootstrapper.java:277)
	at org.springframework.test.context.support.AbstractTestContextBootstrapper.buildTestContext(AbstractTestContextBootstrapper.java:112)
	at org.springframework.boot.test.context.SpringBootTestContextBootstrapper.buildTestContext(SpringBootTestContextBootstrapper.java:74)
	at org.springframework.test.context.TestContextManager.<init>(TestContextManager.java:120)
	at org.springframework.test.context.TestContextManager.<init>(TestContextManager.java:105)
	at org.springframework.test.context.junit4.SpringJUnit4ClassRunner.createTestContextManager(SpringJUnit4ClassRunner.java:152)
	at org.springframework.test.context.junit4.SpringJUnit4ClassRunner.<init>(SpringJUnit4ClassRunner.java:143)
	at org.springframework.test.context.junit4.SpringRunner.<init>(SpringRunner.java:49)
	at sun.reflect.NativeConstructorAccessorImpl.newInstance0(Native Method)
	at sun.reflect.NativeConstructorAccessorImpl.newInstance(NativeConstructorAccessorImpl.java:62)
	at sun.reflect.DelegatingConstructorAccessorImpl.newInstance(DelegatingConstructorAccessorImpl.java:45)
	at java.lang.reflect.Constructor.newInstance(Constructor.java:423)
	at org.junit.internal.builders.AnnotatedBuilder.buildRunner(AnnotatedBuilder.java:104)
	at org.junit.internal.builders.AnnotatedBuilder.runnerForClass(AnnotatedBuilder.java:86)
	at org.junit.runners.model.RunnerBuilder.safeRunnerForClass(RunnerBuilder.java:59)
	at org.junit.internal.builders.AllDefaultPossibilitiesBuilder.runnerForClass(AllDefaultPossibilitiesBuilder.java:26)
	at org.junit.runners.model.RunnerBuilder.safeRunnerForClass(RunnerBuilder.java:59)
	at org.junit.internal.requests.ClassRequest.getRunner(ClassRequest.java:33)
	at org.apache.maven.surefire.junit4.JUnit4Provider.execute(JUnit4Provider.java:283)
	at org.apache.maven.surefire.junit4.JUnit4Provider.executeWithRerun(JUnit4Provider.java:173)
	at org.apache.maven.surefire.junit4.JUnit4Provider.executeTestSet(JUnit4Provider.java:153)
	at org.apache.maven.surefire.junit4.JUnit4Provider.invoke(JUnit4Provider.java:128)
	at org.apache.maven.surefire.booter.ForkedBooter.invokeProviderInSameClassLoader(ForkedBooter.java:203)
	at org.apache.maven.surefire.booter.ForkedBooter.runSuitesInProcess(ForkedBooter.java:155)
	at org.apache.maven.surefire.booter.ForkedBooter.main(ForkedBooter.java:103)
]]></error>
    <system-out><![CDATA[14:52:29.176 [main] DEBUG org.springframework.test.context.junit4.SpringJUnit4ClassRunner - SpringJUnit4ClassRunner constructor called with [class test.java.com.request.RequestDemoApplicationTests]
14:52:29.182 [main] DEBUG org.springframework.test.context.BootstrapUtils - Instantiating CacheAwareContextLoaderDelegate from class [org.springframework.test.context.cache.DefaultCacheAwareContextLoaderDelegate]
14:52:29.214 [main] DEBUG org.springframework.test.context.BootstrapUtils - Instantiating BootstrapContext using constructor [public org.springframework.test.context.support.DefaultBootstrapContext(java.lang.Class,org.springframework.test.context.CacheAwareContextLoaderDelegate)]
14:52:29.229 [main] DEBUG org.springframework.test.context.BootstrapUtils - Instantiating TestContextBootstrapper for test class [test.java.com.request.RequestDemoApplicationTests] from class [org.springframework.boot.test.context.SpringBootTestContextBootstrapper]
14:52:29.264 [main] INFO org.springframework.boot.test.context.SpringBootTestContextBootstrapper - Neither @ContextConfiguration nor @ContextHierarchy found for test class [test.java.com.request.RequestDemoApplicationTests], using SpringBootContextLoader
14:52:29.267 [main] DEBUG org.springframework.test.context.support.AbstractContextLoader - Did not detect default resource location for test class [test.java.com.request.RequestDemoApplicationTests]: class path resource [test/java/com/request/RequestDemoApplicationTests-context.xml] does not exist
14:52:29.267 [main] DEBUG org.springframework.test.context.support.AbstractContextLoader - Did not detect default resource location for test class [test.java.com.request.RequestDemoApplicationTests]: class path resource [test/java/com/request/RequestDemoApplicationTestsContext.groovy] does not exist
14:52:29.267 [main] INFO org.springframework.test.context.support.AbstractContextLoader - Could not detect default resource locations for test class [test.java.com.request.RequestDemoApplicationTests]: no resource found for suffixes {-context.xml, Context.groovy}.
14:52:29.268 [main] INFO org.springframework.test.context.support.AnnotationConfigContextLoaderUtils - Could not detect default configuration classes for test class [test.java.com.request.RequestDemoApplicationTests]: RequestDemoApplicationTests does not declare any static, non-private, non-final, nested classes annotated with @Configuration.
14:52:29.302 [main] DEBUG org.springframework.test.context.support.ActiveProfilesUtils - Could not find an 'annotation declaring class' for annotation type [org.springframework.test.context.ActiveProfiles] and class [test.java.com.request.RequestDemoApplicationTests]
14:52:29.348 [main] DEBUG org.springframework.core.env.StandardEnvironment - Adding [systemProperties] PropertySource with lowest search precedence
14:52:29.349 [main] DEBUG org.springframework.core.env.StandardEnvironment - Adding [systemEnvironment] PropertySource with lowest search precedence
14:52:29.349 [main] DEBUG org.springframework.core.env.StandardEnvironment - Initialized StandardEnvironment with PropertySources [systemProperties,systemEnvironment]
14:52:29.357 [main] DEBUG org.springframework.core.io.support.PathMatchingResourcePatternResolver - Resolved classpath location [test/java/com/request/] to resources [URL [file:/home/keystone/Desktop/Request_30_Demo/backend/target/test-classes/test/java/com/request/]]
14:52:29.357 [main] DEBUG org.springframework.core.io.support.PathMatchingResourcePatternResolver - Looking for matching resources in directory tree [/home/keystone/Desktop/Request_30_Demo/backend/target/test-classes/test/java/com/request]
14:52:29.357 [main] DEBUG org.springframework.core.io.support.PathMatchingResourcePatternResolver - Searching directory [/home/keystone/Desktop/Request_30_Demo/backend/target/test-classes/test/java/com/request] for files matching pattern [/home/keystone/Desktop/Request_30_Demo/backend/target/test-classes/test/java/com/request/*.class]
14:52:29.359 [main] DEBUG org.springframework.core.io.support.PathMatchingResourcePatternResolver - Resolved location pattern [classpath*:test/java/com/request/*.class] to resources [file [/home/keystone/Desktop/Request_30_Demo/backend/target/test-classes/test/java/com/request/RequestDemoApplicationTests.class]]
14:52:29.376 [main] DEBUG org.springframework.core.io.support.PathMatchingResourcePatternResolver - Resolved classpath location [test/java/com/] to resources [URL [file:/home/keystone/Desktop/Request_30_Demo/backend/target/test-classes/test/java/com/]]
14:52:29.376 [main] DEBUG org.springframework.core.io.support.PathMatchingResourcePatternResolver - Looking for matching resources in directory tree [/home/keystone/Desktop/Request_30_Demo/backend/target/test-classes/test/java/com]
14:52:29.376 [main] DEBUG org.springframework.core.io.support.PathMatchingResourcePatternResolver - Searching directory [/home/keystone/Desktop/Request_30_Demo/backend/target/test-classes/test/java/com] for files matching pattern [/home/keystone/Desktop/Request_30_Demo/backend/target/test-classes/test/java/com/*.class]
14:52:29.376 [main] DEBUG org.springframework.core.io.support.PathMatchingResourcePatternResolver - Resolved location pattern [classpath*:test/java/com/*.class] to resources []
14:52:29.377 [main] DEBUG org.springframework.core.io.support.PathMatchingResourcePatternResolver - Resolved classpath location [test/java/] to resources [URL [file:/home/keystone/Desktop/Request_30_Demo/backend/target/test-classes/test/java/]]
14:52:29.377 [main] DEBUG org.springframework.core.io.support.PathMatchingResourcePatternResolver - Looking for matching resources in directory tree [/home/keystone/Desktop/Request_30_Demo/backend/target/test-classes/test/java]
14:52:29.377 [main] DEBUG org.springframework.core.io.support.PathMatchingResourcePatternResolver - Searching directory [/home/keystone/Desktop/Request_30_Demo/backend/target/test-classes/test/java] for files matching pattern [/home/keystone/Desktop/Request_30_Demo/backend/target/test-classes/test/java/*.class]
14:52:29.377 [main] DEBUG org.springframework.core.io.support.PathMatchingResourcePatternResolver - Resolved location pattern [classpath*:test/java/*.class] to resources []
14:52:29.377 [main] DEBUG org.springframework.core.io.support.PathMatchingResourcePatternResolver - Resolved classpath location [test/] to resources [URL [file:/home/keystone/Desktop/Request_30_Demo/backend/target/test-classes/test/]]
14:52:29.377 [main] DEBUG org.springframework.core.io.support.PathMatchingResourcePatternResolver - Looking for matching resources in directory tree [/home/keystone/Desktop/Request_30_Demo/backend/target/test-classes/test]
14:52:29.377 [main] DEBUG org.springframework.core.io.support.PathMatchingResourcePatternResolver - Searching directory [/home/keystone/Desktop/Request_30_Demo/backend/target/test-classes/test] for files matching pattern [/home/keystone/Desktop/Request_30_Demo/backend/target/test-classes/test/*.class]
14:52:29.378 [main] DEBUG org.springframework.core.io.support.PathMatchingResourcePatternResolver - Resolved location pattern [classpath*:test/*.class] to resources []
14:52:29.381 [main] DEBUG org.springframework.test.context.junit4.SpringJUnit4ClassRunner - SpringJUnit4ClassRunner constructor called with [class test.java.com.request.RequestDemoApplicationTests]
14:52:29.382 [main] DEBUG org.springframework.test.context.BootstrapUtils - Instantiating CacheAwareContextLoaderDelegate from class [org.springframework.test.context.cache.DefaultCacheAwareContextLoaderDelegate]
14:52:29.382 [main] DEBUG org.springframework.test.context.BootstrapUtils - Instantiating BootstrapContext using constructor [public org.springframework.test.context.support.DefaultBootstrapContext(java.lang.Class,org.springframework.test.context.CacheAwareContextLoaderDelegate)]
14:52:29.382 [main] DEBUG org.springframework.test.context.BootstrapUtils - Instantiating TestContextBootstrapper for test class [test.java.com.request.RequestDemoApplicationTests] from class [org.springframework.boot.test.context.SpringBootTestContextBootstrapper]
14:52:29.383 [main] INFO org.springframework.boot.test.context.SpringBootTestContextBootstrapper - Neither @ContextConfiguration nor @ContextHierarchy found for test class [test.java.com.request.RequestDemoApplicationTests], using SpringBootContextLoader
14:52:29.383 [main] DEBUG org.springframework.test.context.support.AbstractContextLoader - Did not detect default resource location for test class [test.java.com.request.RequestDemoApplicationTests]: class path resource [test/java/com/request/RequestDemoApplicationTests-context.xml] does not exist
14:52:29.384 [main] DEBUG org.springframework.test.context.support.AbstractContextLoader - Did not detect default resource location for test class [test.java.com.request.RequestDemoApplicationTests]: class path resource [test/java/com/request/RequestDemoApplicationTestsContext.groovy] does not exist
14:52:29.384 [main] INFO org.springframework.test.context.support.AbstractContextLoader - Could not detect default resource locations for test class [test.java.com.request.RequestDemoApplicationTests]: no resource found for suffixes {-context.xml, Context.groovy}.
14:52:29.384 [main] INFO org.springframework.test.context.support.AnnotationConfigContextLoaderUtils - Could not detect default configuration classes for test class [test.java.com.request.RequestDemoApplicationTests]: RequestDemoApplicationTests does not declare any static, non-private, non-final, nested classes annotated with @Configuration.
14:52:29.388 [main] DEBUG org.springframework.test.context.support.ActiveProfilesUtils - Could not find an 'annotation declaring class' for annotation type [org.springframework.test.context.ActiveProfiles] and class [test.java.com.request.RequestDemoApplicationTests]
14:52:29.389 [main] DEBUG org.springframework.core.env.StandardEnvironment - Adding [systemProperties] PropertySource with lowest search precedence
14:52:29.389 [main] DEBUG org.springframework.core.env.StandardEnvironment - Adding [systemEnvironment] PropertySource with lowest search precedence
14:52:29.390 [main] DEBUG org.springframework.core.env.StandardEnvironment - Initialized StandardEnvironment with PropertySources [systemProperties,systemEnvironment]
14:52:29.390 [main] DEBUG org.springframework.core.io.support.PathMatchingResourcePatternResolver - Resolved classpath location [test/java/com/request/] to resources [URL [file:/home/keystone/Desktop/Request_30_Demo/backend/target/test-classes/test/java/com/request/]]
14:52:29.390 [main] DEBUG org.springframework.core.io.support.PathMatchingResourcePatternResolver - Looking for matching resources in directory tree [/home/keystone/Desktop/Request_30_Demo/backend/target/test-classes/test/java/com/request]
14:52:29.390 [main] DEBUG org.springframework.core.io.support.PathMatchingResourcePatternResolver - Searching directory [/home/keystone/Desktop/Request_30_Demo/backend/target/test-classes/test/java/com/request] for files matching pattern [/home/keystone/Desktop/Request_30_Demo/backend/target/test-classes/test/java/com/request/*.class]
14:52:29.391 [main] DEBUG org.springframework.core.io.support.PathMatchingResourcePatternResolver - Resolved location pattern [classpath*:test/java/com/request/*.class] to resources [file [/home/keystone/Desktop/Request_30_Demo/backend/target/test-classes/test/java/com/request/RequestDemoApplicationTests.class]]
14:52:29.392 [main] DEBUG org.springframework.core.io.support.PathMatchingResourcePatternResolver - Resolved classpath location [test/java/com/] to resources [URL [file:/home/keystone/Desktop/Request_30_Demo/backend/target/test-classes/test/java/com/]]
14:52:29.392 [main] DEBUG org.springframework.core.io.support.PathMatchingResourcePatternResolver - Looking for matching resources in directory tree [/home/keystone/Desktop/Request_30_Demo/backend/target/test-classes/test/java/com]
14:52:29.392 [main] DEBUG org.springframework.core.io.support.PathMatchingResourcePatternResolver - Searching directory [/home/keystone/Desktop/Request_30_Demo/backend/target/test-classes/test/java/com] for files matching pattern [/home/keystone/Desktop/Request_30_Demo/backend/target/test-classes/test/java/com/*.class]
14:52:29.392 [main] DEBUG org.springframework.core.io.support.PathMatchingResourcePatternResolver - Resolved location pattern [classpath*:test/java/com/*.class] to resources []
14:52:29.393 [main] DEBUG org.springframework.core.io.support.PathMatchingResourcePatternResolver - Resolved classpath location [test/java/] to resources [URL [file:/home/keystone/Desktop/Request_30_Demo/backend/target/test-classes/test/java/]]
14:52:29.393 [main] DEBUG org.springframework.core.io.support.PathMatchingResourcePatternResolver - Looking for matching resources in directory tree [/home/keystone/Desktop/Request_30_Demo/backend/target/test-classes/test/java]
14:52:29.393 [main] DEBUG org.springframework.core.io.support.PathMatchingResourcePatternResolver - Searching directory [/home/keystone/Desktop/Request_30_Demo/backend/target/test-classes/test/java] for files matching pattern [/home/keystone/Desktop/Request_30_Demo/backend/target/test-classes/test/java/*.class]
14:52:29.393 [main] DEBUG org.springframework.core.io.support.PathMatchingResourcePatternResolver - Resolved location pattern [classpath*:test/java/*.class] to resources []
14:52:29.393 [main] DEBUG org.springframework.core.io.support.PathMatchingResourcePatternResolver - Resolved classpath location [test/] to resources [URL [file:/home/keystone/Desktop/Request_30_Demo/backend/target/test-classes/test/]]
14:52:29.393 [main] DEBUG org.springframework.core.io.support.PathMatchingResourcePatternResolver - Looking for matching resources in directory tree [/home/keystone/Desktop/Request_30_Demo/backend/target/test-classes/test]
14:52:29.393 [main] DEBUG org.springframework.core.io.support.PathMatchingResourcePatternResolver - Searching directory [/home/keystone/Desktop/Request_30_Demo/backend/target/test-classes/test] for files matching pattern [/home/keystone/Desktop/Request_30_Demo/backend/target/test-classes/test/*.class]
14:52:29.394 [main] DEBUG org.springframework.core.io.support.PathMatchingResourcePatternResolver - Resolved location pattern [classpath*:test/*.class] to resources []
]]></system-out>
  </testcase>
</testsuite>